#
# There is insufficient memory for the Java Runtime Environment to continue.
# Native memory allocation (mmap) failed to map 67108864 bytes. Error detail: G1 virtual space
# Possible reasons:
#   The system is out of physical RAM or swap space
#   This process is running with CompressedOops enabled, and the Java Heap may be blocking the growth of the native heap
# Possible solutions:
#   Reduce memory load on the system
#   Increase physical memory or swap space
#   Check if swap backing store is full
#   Decrease Java heap size (-Xmx/-Xms)
#   Decrease number of Java threads
#   Decrease Java thread stack sizes (-Xss)
#   Set larger code cache with -XX:ReservedCodeCacheSize=
#   JVM is running with Unscaled Compressed Oops mode in which the Java heap is
#     placed in the first 4GB address space. The Java Heap base address is the
#     maximum limit for the native heap growth. Please use -XX:HeapBaseMinAddress
#     to set the Java Heap base and to place the Java Heap above 4GB virtual address.
# This output file may be truncated or incomplete.
#
#  Out of Memory Error (os_windows.cpp:3707), pid=13996, tid=13212
#
# JRE version:  (23.0.2+7) (build )
# Java VM: Java HotSpot(TM) 64-Bit Server VM (23.0.2+7-58, mixed mode, sharing, tiered, compressed oops, compressed class ptrs, g1 gc, windows-amd64)
# No core dump will be written. Minidumps are not enabled by default on client versions of Windows
#

---------------  S U M M A R Y ------------

Command Line: -Xmx64m -Xms64m -Dorg.gradle.appname=gradlew org.gradle.wrapper.GradleWrapperMain app:installDebug -PreactNativeDevServerPort=8081

Host: 11th Gen Intel(R) Core(TM) i3-1115G4 @ 3.00GHz, 4 cores, 7G,  Windows 11 , 64 bit Build 22621 (10.0.22621.4391)
Time: Fri Mar 21 17:12:02 2025 India Standard Time elapsed time: 0.024284 seconds (0d 0h 0m 0s)

---------------  T H R E A D  ---------------

Current thread (0x000001a247183500):  JavaThread "Unknown thread" [_thread_in_vm, id=13212, stack(0x000000345d200000,0x000000345d300000) (1024K)]

Stack: [0x000000345d200000,0x000000345d300000]
Native frames: (J=compiled Java code, j=interpreted, Vv=VM code, C=native code)
V  [jvm.dll+0x6e0b99]  (no source info available)
V  [jvm.dll+0x87e2b3]  (no source info available)
V  [jvm.dll+0x88073e]  (no source info available)
V  [jvm.dll+0x880e13]  (no source info available)
V  [jvm.dll+0x27b006]  (no source info available)
V  [jvm.dll+0x6dd485]  (no source info available)
V  [jvm.dll+0x6d127a]  (no source info available)
V  [jvm.dll+0x35b50a]  (no source info available)
V  [jvm.dll+0x363916]  (no source info available)
V  [jvm.dll+0x34fe7e]  (no source info available)
V  [jvm.dll+0x350118]  (no source info available)
V  [jvm.dll+0x328aec]  (no source info available)
V  [jvm.dll+0x32978e]  (no source info available)
V  [jvm.dll+0x8449a5]  (no source info available)
V  [jvm.dll+0x3b9a08]  (no source info available)
V  [jvm.dll+0x82d68c]  (no source info available)
V  [jvm.dll+0x454f2e]  (no source info available)
V  [jvm.dll+0x456db1]  (no source info available)
C  [jli.dll+0x52a3]  (no source info available)
C  [ucrtbase.dll+0x29333]  (no source info available)
C  [KERNEL32.DLL+0x1259d]  (no source info available)
C  [ntdll.dll+0x5af38]  (no source info available)

Lock stack of current Java thread (top to bottom):


---------------  P R O C E S S  ---------------

Threads class SMR info:
_java_thread_list=0x00007ffc2ef74618, length=0, elements={
}

Java Threads: ( => current thread )
Total: 0

Other Threads:
  0x000001a24950bc50 WorkerThread "GC Thread#0"                     [id=21848, stack(0x000000345d300000,0x000000345d400000) (1024K)]
  0x000001a24950d6a0 ConcurrentGCThread "G1 Main Marker"            [id=17568, stack(0x000000345d400000,0x000000345d500000) (1024K)]
  0x000001a24950e360 WorkerThread "G1 Conc#0"                       [id=16668, stack(0x000000345d500000,0x000000345d600000) (1024K)]

[error occurred during error reporting (printing all threads), id 0xc0000005, EXCEPTION_ACCESS_VIOLATION (0xc0000005) at pc=0x00007ffc2e6bc0da]
VM state: not at safepoint (not fully initialized)

VM Mutex/Monitor currently owned by a thread:  ([mutex/lock_event])
[0x00007ffc2eff4988] Heap_lock - owner thread: 0x000001a247183500

Heap address: 0x00000000fc000000, size: 64 MB, Compressed Oops mode: 32-bit

CDS archive(s) mapped at: [0x0000000000000000-0x0000000000000000-0x0000000000000000), size 0, SharedBaseAddress: 0x0000000800000000, ArchiveRelocationMode: 1.
Narrow klass base: 0x0000000000000000, Narrow klass shift: 0, Narrow klass range: 0x0

GC Precious Log:
 CardTable entry size: 512
 Card Set container configuration: InlinePtr #cards 5 size 8 Array Of Cards #cards 10 size 36 Howl #buckets 4 coarsen threshold 1843 Howl Bitmap #cards 512 size 80 coarsen threshold 460 Card regions per heap region 1 cards per card region 2048

Heap:
 garbage-first heap   total reserved 65536K, committed 0K, used 0K [0x00000000fc000000, 0x0000000100000000)
  region size 1024K, 0 young (0K), 0 survivors (0K)

[error occurred during error reporting (printing heap information), id 0xc0000005, EXCEPTION_ACCESS_VIOLATION (0xc0000005) at pc=0x00007ffc2eabc6a9]
GC Heap History (0 events):
No events

Dll operation events (1 events):
Event: 0.016 Loaded shared library C:\Program Files\Java\jdk-23\bin\java.dll

Deoptimization events (0 events):
No events

Classes loaded (0 events):
No events

Classes unloaded (0 events):
No events

Classes redefined (0 events):
No events

Internal exceptions (0 events):
No events

VM Operations (0 events):
No events

Memory protections (0 events):
No events

Nmethod flushes (0 events):
No events

Events (0 events):
No events


Dynamic libraries:
0x00007ff68a810000 - 0x00007ff68a820000 	C:\Program Files\Java\jdk-23\bin\java.exe
0x00007ffc92ff0000 - 0x00007ffc93207000 	C:\WINDOWS\SYSTEM32\ntdll.dll
0x00007ffc91c70000 - 0x00007ffc91d34000 	C:\WINDOWS\System32\KERNEL32.DLL
0x00007ffc906c0000 - 0x00007ffc90a7a000 	C:\WINDOWS\System32\KERNELBASE.dll
0x00007ffc90500000 - 0x00007ffc90611000 	C:\WINDOWS\System32\ucrtbase.dll
0x00007ffc823f0000 - 0x00007ffc8240b000 	C:\Program Files\Java\jdk-23\bin\VCRUNTIME140.dll
0x00007ffc82420000 - 0x00007ffc82437000 	C:\Program Files\Java\jdk-23\bin\jli.dll
0x00007ffc90fa0000 - 0x00007ffc9114e000 	C:\WINDOWS\System32\USER32.dll
0x00007ffc90450000 - 0x00007ffc90476000 	C:\WINDOWS\System32\win32u.dll
0x00007ffc6a190000 - 0x00007ffc6a422000 	C:\WINDOWS\WinSxS\amd64_microsoft.windows.common-controls_6595b64144ccf1df_6.0.22621.4541_none_2710d1c57384c085\COMCTL32.dll
0x00007ffc927b0000 - 0x00007ffc927d9000 	C:\WINDOWS\System32\GDI32.dll
0x00007ffc902b0000 - 0x00007ffc903cb000 	C:\WINDOWS\System32\gdi32full.dll
0x00007ffc91a00000 - 0x00007ffc91aa7000 	C:\WINDOWS\System32\msvcrt.dll
0x00007ffc90620000 - 0x00007ffc906ba000 	C:\WINDOWS\System32\msvcp_win.dll
0x00007ffc90e50000 - 0x00007ffc90e81000 	C:\WINDOWS\System32\IMM32.DLL
0x00007ffc84020000 - 0x00007ffc8402c000 	C:\Program Files\Java\jdk-23\bin\vcruntime140_1.dll
0x00007ffc77a10000 - 0x00007ffc77a9e000 	C:\Program Files\Java\jdk-23\bin\msvcp140.dll
0x00007ffc2e380000 - 0x00007ffc2f0d0000 	C:\Program Files\Java\jdk-23\bin\server\jvm.dll
0x00007ffc91d40000 - 0x00007ffc91df2000 	C:\WINDOWS\System32\ADVAPI32.dll
0x00007ffc92f00000 - 0x00007ffc92fa7000 	C:\WINDOWS\System32\sechost.dll
0x00007ffc90a80000 - 0x00007ffc90aa8000 	C:\WINDOWS\System32\bcrypt.dll
0x00007ffc91770000 - 0x00007ffc91884000 	C:\WINDOWS\System32\RPCRT4.dll
0x00007ffc90f10000 - 0x00007ffc90f81000 	C:\WINDOWS\System32\WS2_32.dll
0x00007ffc8ffd0000 - 0x00007ffc9001d000 	C:\WINDOWS\SYSTEM32\POWRPROF.dll
0x00007ffc86ca0000 - 0x00007ffc86cd4000 	C:\WINDOWS\SYSTEM32\WINMM.dll
0x00007ffc80260000 - 0x00007ffc8026a000 	C:\WINDOWS\SYSTEM32\VERSION.dll
0x00007ffc8ffb0000 - 0x00007ffc8ffc3000 	C:\WINDOWS\SYSTEM32\UMPDC.dll
0x00007ffc8f2f0000 - 0x00007ffc8f308000 	C:\WINDOWS\SYSTEM32\kernel.appcore.dll
0x00007ffc828d0000 - 0x00007ffc828da000 	C:\Program Files\Java\jdk-23\bin\jimage.dll
0x00007ffc8daa0000 - 0x00007ffc8dcd2000 	C:\WINDOWS\SYSTEM32\DBGHELP.DLL
0x00007ffc91230000 - 0x00007ffc915c1000 	C:\WINDOWS\System32\combase.dll
0x00007ffc91150000 - 0x00007ffc91227000 	C:\WINDOWS\System32\OLEAUT32.dll
0x00007ffc83720000 - 0x00007ffc83752000 	C:\WINDOWS\SYSTEM32\dbgcore.DLL
0x00007ffc90480000 - 0x00007ffc904fb000 	C:\WINDOWS\System32\bcryptPrimitives.dll
0x00007ffc81d70000 - 0x00007ffc81d8e000 	C:\Program Files\Java\jdk-23\bin\java.dll
0x00007ffc92870000 - 0x00007ffc92a15000 	C:\WINDOWS\System32\ole32.dll
0x00007ffc91e00000 - 0x00007ffc92679000 	C:\WINDOWS\System32\SHELL32.dll

dbghelp: loaded successfully - version: 4.0.5 - missing functions: none
symbol engine: initialized successfully - sym options: 0x614 - pdb path: .;C:\Program Files\Java\jdk-23\bin;C:\WINDOWS\SYSTEM32;C:\WINDOWS\WinSxS\amd64_microsoft.windows.common-controls_6595b64144ccf1df_6.0.22621.4541_none_2710d1c57384c085;C:\Program Files\Java\jdk-23\bin\server

VM Arguments:
jvm_args: -Xmx64m -Xms64m -Dorg.gradle.appname=gradlew 
java_command: org.gradle.wrapper.GradleWrapperMain app:installDebug -PreactNativeDevServerPort=8081
java_class_path (initial): C:\Users\ajeet sharma\firebase\android\\gradle\wrapper\gradle-wrapper.jar
Launcher Type: SUN_STANDARD

[Global flags]
     intx CICompilerCount                          = 3                                         {product} {ergonomic}
     uint ConcGCThreads                            = 1                                         {product} {ergonomic}
     uint G1ConcRefinementThreads                  = 4                                         {product} {ergonomic}
   size_t G1HeapRegionSize                         = 1048576                                   {product} {ergonomic}
   size_t InitialHeapSize                          = 67108864                                  {product} {command line}
   size_t MarkStackSize                            = 4194304                                   {product} {ergonomic}
   size_t MarkStackSizeMax                         = 536870912                                 {product} {ergonomic}
   size_t MaxHeapSize                              = 67108864                                  {product} {command line}
   size_t MinHeapDeltaBytes                        = 1048576                                   {product} {ergonomic}
   size_t MinHeapSize                              = 67108864                                  {product} {command line}
    uintx NonNMethodCodeHeapSize                   = 5832704                                {pd product} {ergonomic}
    uintx NonProfiledCodeHeapSize                  = 122945536                              {pd product} {ergonomic}
    uintx ProfiledCodeHeapSize                     = 122880000                              {pd product} {ergonomic}
    uintx ReservedCodeCacheSize                    = 251658240                              {pd product} {ergonomic}
     bool SegmentedCodeCache                       = true                                      {product} {ergonomic}
   size_t SoftMaxHeapSize                          = 67108864                               {manageable} {ergonomic}
     bool UseCompressedOops                        = true                           {product lp64_product} {ergonomic}
     bool UseG1GC                                  = true                                      {product} {ergonomic}
     bool UseLargePagesIndividualAllocation        = false                                  {pd product} {ergonomic}

Logging:
Log output configuration:
 #0: stdout all=warning uptime,level,tags foldmultilines=false
 #1: stderr all=off uptime,level,tags foldmultilines=false

Environment Variables:
JAVA_HOME=C:\Program Files\Java\jdk-23
CLASSPATH=C:\Users\ajeet sharma\firebase\android\\gradle\wrapper\gradle-wrapper.jar
PATH=C:\Users\ajeet sharma\firebase\node_modules\.bin;C:\Users\ajeet sharma\firebase\node_modules\.bin;C:\Users\ajeet sharma\node_modules\.bin;C:\Users\node_modules\.bin;C:\node_modules\.bin;C:\Users\ajeet sharma\AppData\Roaming\npm\node_modules\npm\node_modules\@npmcli\run-script\lib\node-gyp-bin;C:\Program Files\Common Files\Oracle\Java\javapath;C:\WINDOWS\system32;C:\WINDOWS;C:\WINDOWS\System32\Wbem;C:\WINDOWS\System32\WindowsPowerShell\v1.0\;C:\WINDOWS\System32\OpenSSH\;C:\Program Files\dotnet\;C:\Program Files\Git\cmd;C:\ProgramData\chocolatey\bin;C:\Users\ajeet sharma\AppData\Local\Android\Sdk\platform-tools;C:\Program Files\Java\jdk-23\bin;C:\Program Files\nodejs\;C:\Program Files\Eclipse Adoptium\jdk-21.0.5.11-hotspot\bin;C:\WINDOWS\system32;C:\WINDOWS;C:\WINDOWS\System32\Wbem;C:\WINDOWS\System32\WindowsPowerShell\v1.0\;C:\WINDOWS\System32\OpenSSH\;C:\Program Files\dotnet\;C:\Program Files\Git\cmd;C:\Program Files\nodejs\;C:\ProgramData\chocolatey\bin;C:\Users\ajeet sharma\AppData\Local\Android\Sdk\platform-tools;C:\Program Files\Eclipse Adoptium\jdk-21.0.5.11-hotspot\bin;C:\Program Files\OpenLogic\jdk-11.0.25.9-hotspot\bin;C:\Users\ajeet sharma\AppData\Local\Microsoft\WindowsApps;C:\Users\ajeet sharma\AppData\Local\Microsoft\WindowsApps;C:\Users\ajeet sharma\AppData\Local\Programs\Microsoft VS Code\bin;C:\Users\ajeet sharma\AppData\Local\Programs\mongosh\;C:\Users\ajeet sharma\AppData\Roaming\npm;C:\Program Files\Android\Android Studio2\bin;C:\Program Files\Java\jdk-23;
USERNAME=ajeet sharma
LANG=en_US.UTF-8
OS=Windows_NT
PROCESSOR_IDENTIFIER=Intel64 Family 6 Model 140 Stepping 1, GenuineIntel
TMP=C:\Users\ajeet sharma\AppData\Local\Temp
TEMP=C:\Users\ajeet sharma\AppData\Local\Temp




Periodic native trim disabled

---------------  S Y S T E M  ---------------

OS:
 Windows 11 , 64 bit Build 22621 (10.0.22621.4391)
OS uptime: 9 days 23:44 hours
Hyper-V role detected

CPU: total 4 (initial active 4) (2 cores per cpu, 2 threads per core) family 6 model 140 stepping 1 microcode 0xb8, cx8, cmov, fxsr, ht, mmx, 3dnowpref, sse, sse2, sse3, ssse3, sse4.1, sse4.2, popcnt, lzcnt, tsc, tscinvbit, avx, avx2, aes, erms, clmul, bmi1, bmi2, adx, avx512f, avx512dq, avx512cd, avx512bw, avx512vl, sha, fma, vzeroupper, avx512_vpopcntdq, avx512_vpclmulqdq, avx512_vaes, avx512_vnni, clflush, clflushopt, clwb, avx512_vbmi2, avx512_vbmi, hv, rdtscp, rdpid, fsrm, gfni, avx512_bitalg, f16c, cet_ibt, cet_ss, avx512_ifma
Processor Information for processor 0
  Max Mhz: 2995, Current Mhz: 998, Mhz Limit: 2995
Processor Information for processor 1
  Max Mhz: 2995, Current Mhz: 998, Mhz Limit: 2995
Processor Information for processor 2
  Max Mhz: 2995, Current Mhz: 2995, Mhz Limit: 2995
Processor Information for processor 3
  Max Mhz: 2995, Current Mhz: 998, Mhz Limit: 2995

Memory: 4k page, system-wide physical 7926M (1489M free)
TotalPageFile size 32502M (AvailPageFile size 47M)
current process WorkingSet (physical memory assigned to process): 11M, peak: 11M
current process commit charge ("private bytes"): 51M, peak: 115M

vm_info: Java HotSpot(TM) 64-Bit Server VM (23.0.2+7-58) for windows-amd64 JRE (23.0.2+7-58), built on 2024-11-29T09:34:55Z with MS VC++ 17.6 (VS2022)

END.
